<?xml version="1.0" encoding="UTF-8"?>
<!-- Generated by org.testng.reporters.JUnitXMLReporter -->
<testsuite ignored="0" hostname="zsw-MacBook-Pro.local" failures="0" tests="9" name="Surefire test" time="29.138" errors="0" timestamp="2023-04-23T20:37:16 NZST">
  <testcase classname="com.buggycar.LinkTest" name="linkTest" time="1.158"/>
  <testcase classname="com.buggycar.LinkTest" name="linkModelTest" time="0.846"/>
  <testcase classname="com.buggycar.LinkTest" name="linkOverallTest" time="0.686"/>
  <testcase classname="com.buggycar.LoginTest" name="correctCredentialTest" time="1.284"/>
  <testcase classname="com.buggycar.LoginTest" name="wrongCredentialTest" time="0.75"/>
  <testcase classname="com.buggycar.LoginTest" name="logoutTest" time="1.474"/>
  <testcase classname="com.buggycar.ProfileTest" name="profileTest" time="2.456"/>
  <testcase classname="com.buggycar.RegisterTest" name="registerTest" time="1.201"/>
  <testcase classname="com.buggycar.VoteTest" name="voteTest" time="8.525"/>
</testsuite> <!-- Surefire test -->
