<?xml version="1.0" encoding="UTF-8"?>
<!-- Generated by org.testng.reporters.JUnitXMLReporter -->
<testsuite ignored="0" hostname="zsw-MacBook-Pro.local" failures="0" tests="9" name="Surefire test" time="28.398" errors="0" timestamp="2023-04-23T18:03:00 NZST">
  <testcase classname="com.buggycar.LinkTest" name="linkTest" time="1.155"/>
  <testcase classname="com.buggycar.LinkTest" name="linkModelTest" time="0.816"/>
  <testcase classname="com.buggycar.LinkTest" name="linkOverallTest" time="0.784"/>
  <testcase classname="com.buggycar.LoginTest" name="correctCredentialTest" time="1.267"/>
  <testcase classname="com.buggycar.LoginTest" name="wrongCredentialTest" time="0.74"/>
  <testcase classname="com.buggycar.LoginTest" name="logoutTest" time="1.283"/>
  <testcase classname="com.buggycar.ProfileTest" name="profileTest" time="2.465"/>
  <testcase classname="com.buggycar.RegisterTest" name="registerTest" time="1.236"/>
  <testcase classname="com.buggycar.VoteTest" name="voteTest" time="7.792"/>
</testsuite> <!-- Surefire test -->
