<?xml version="1.0" encoding="UTF-8"?>
<!-- Generated by org.testng.reporters.JUnitXMLReporter -->
<testsuite ignored="0" hostname="zsw-MacBook-Pro.local" failures="0" tests="8" name="test on firefox" time="28.805" errors="0" timestamp="2023-05-03T16:08:48 NZST">
  <testcase classname="com.buggycar.LoginTest" name="correctCredentialTest" time="1.243"/>
  <testcase classname="com.buggycar.LinkTest" name="linkTest" time="1.364"/>
  <testcase classname="com.buggycar.ProfileTest" name="profileTest" time="2.267"/>
  <testcase classname="com.buggycar.RegisterTest" name="registerTest" time="1.412"/>
  <testcase classname="com.buggycar.LinkTest" name="linkModelTest" time="1.063"/>
  <testcase classname="com.buggycar.LoginTest" name="wrongCredentialTest" time="1.403"/>
  <testcase classname="com.buggycar.LinkTest" name="linkOverallTest" time="1.392"/>
  <testcase classname="com.buggycar.LoginTest" name="logoutTest" time="1.619"/>
</testsuite> <!-- test on firefox -->
