<?xml version="1.0" encoding="UTF-8"?>
<!-- Generated by org.testng.reporters.JUnitXMLReporter -->
<testsuite ignored="0" hostname="zsw-MacBook-Pro.local" failures="0" tests="9" name="test on chrome" time="24.715" errors="0" timestamp="2023-05-03T16:08:44 NZST">
  <testcase classname="com.buggycar.LoginTest" name="correctCredentialTest" time="1.579"/>
  <testcase classname="com.buggycar.LinkTest" name="linkTest" time="0.904"/>
  <testcase classname="com.buggycar.ProfileTest" name="profileTest" time="2.758"/>
  <testcase classname="com.buggycar.RegisterTest" name="registerTest" time="1.114"/>
  <testcase classname="com.buggycar.LinkTest" name="linkModelTest" time="0.936"/>
  <testcase classname="com.buggycar.LoginTest" name="wrongCredentialTest" time="1.016"/>
  <testcase classname="com.buggycar.LinkTest" name="linkOverallTest" time="0.813"/>
  <testcase classname="com.buggycar.LoginTest" name="logoutTest" time="1.599"/>
  <testcase classname="com.buggycar.VoteTest" name="voteTest" time="6.64"/>
</testsuite> <!-- test on chrome -->
