<?xml version="1.0" encoding="UTF-8"?>
<testng-results ignored="0" total="9" passed="9" failed="0" skipped="0">
  <reporter-output>
  </reporter-output>
  <suite started-at="2023-04-23T18:19:11 NZST" name="Surefire suite" finished-at="2023-04-23T18:19:38 NZST" duration-ms="27123">
    <groups>
    </groups>
    <test started-at="2023-04-23T18:19:11 NZST" name="Surefire test" finished-at="2023-04-23T18:19:38 NZST" duration-ms="27123">
      <class name="com.buggycar.RegisterTest">
        <test-method is-config="true" signature="setUp()[pri:0, instance:com.buggycar.RegisterTest@1a38c59b]" started-at="2023-04-23T18:19:28 NZST" name="setUp" finished-at="2023-04-23T18:19:29 NZST" duration-ms="1037" status="PASS">
          <reporter-output>
          </reporter-output>
        </test-method> <!-- setUp -->
        <test-method signature="registerTest()[pri:1, instance:com.buggycar.RegisterTest@1a38c59b]" started-at="2023-04-23T18:19:29 NZST" name="registerTest" finished-at="2023-04-23T18:19:30 NZST" duration-ms="1144" status="PASS">
          <reporter-output>
          </reporter-output>
        </test-method> <!-- registerTest -->
        <test-method is-config="true" signature="tearDown()[pri:0, instance:com.buggycar.RegisterTest@1a38c59b]" started-at="2023-04-23T18:19:30 NZST" name="tearDown" finished-at="2023-04-23T18:19:30 NZST" duration-ms="113" status="PASS">
          <reporter-output>
          </reporter-output>
        </test-method> <!-- tearDown -->
      </class> <!-- com.buggycar.RegisterTest -->
      <class name="com.buggycar.LinkTest">
        <test-method is-config="true" signature="setUp()[pri:0, instance:com.buggycar.LinkTest@78a2da20]" started-at="2023-04-23T18:19:11 NZST" name="setUp" finished-at="2023-04-23T18:19:13 NZST" duration-ms="1709" status="PASS">
          <reporter-output>
          </reporter-output>
        </test-method> <!-- setUp -->
        <test-method signature="linkTest()[pri:1, instance:com.buggycar.LinkTest@78a2da20]" started-at="2023-04-23T18:19:13 NZST" name="linkTest" finished-at="2023-04-23T18:19:13 NZST" duration-ms="633" status="PASS">
          <reporter-output>
          </reporter-output>
        </test-method> <!-- linkTest -->
        <test-method is-config="true" signature="tearDown()[pri:0, instance:com.buggycar.LinkTest@78a2da20]" started-at="2023-04-23T18:19:13 NZST" name="tearDown" finished-at="2023-04-23T18:19:13 NZST" duration-ms="110" status="PASS">
          <reporter-output>
          </reporter-output>
        </test-method> <!-- tearDown -->
        <test-method is-config="true" signature="setUp()[pri:0, instance:com.buggycar.LinkTest@78a2da20]" started-at="2023-04-23T18:19:13 NZST" name="setUp" finished-at="2023-04-23T18:19:14 NZST" duration-ms="1024" status="PASS">
          <reporter-output>
          </reporter-output>
        </test-method> <!-- setUp -->
        <test-method signature="linkModelTest()[pri:2, instance:com.buggycar.LinkTest@78a2da20]" started-at="2023-04-23T18:19:14 NZST" name="linkModelTest" finished-at="2023-04-23T18:19:15 NZST" duration-ms="649" status="PASS">
          <reporter-output>
          </reporter-output>
        </test-method> <!-- linkModelTest -->
        <test-method is-config="true" signature="tearDown()[pri:0, instance:com.buggycar.LinkTest@78a2da20]" started-at="2023-04-23T18:19:15 NZST" name="tearDown" finished-at="2023-04-23T18:19:15 NZST" duration-ms="114" status="PASS">
          <reporter-output>
          </reporter-output>
        </test-method> <!-- tearDown -->
        <test-method is-config="true" signature="setUp()[pri:0, instance:com.buggycar.LinkTest@78a2da20]" started-at="2023-04-23T18:19:15 NZST" name="setUp" finished-at="2023-04-23T18:19:16 NZST" duration-ms="1056" status="PASS">
          <reporter-output>
          </reporter-output>
        </test-method> <!-- setUp -->
        <test-method signature="linkOverallTest()[pri:3, instance:com.buggycar.LinkTest@78a2da20]" started-at="2023-04-23T18:19:16 NZST" name="linkOverallTest" finished-at="2023-04-23T18:19:17 NZST" duration-ms="844" status="PASS">
          <reporter-output>
          </reporter-output>
        </test-method> <!-- linkOverallTest -->
        <test-method is-config="true" signature="tearDown()[pri:0, instance:com.buggycar.LinkTest@78a2da20]" started-at="2023-04-23T18:19:17 NZST" name="tearDown" finished-at="2023-04-23T18:19:17 NZST" duration-ms="101" status="PASS">
          <reporter-output>
          </reporter-output>
        </test-method> <!-- tearDown -->
      </class> <!-- com.buggycar.LinkTest -->
      <class name="com.buggycar.ProfileTest">
        <test-method is-config="true" signature="setUp()[pri:0, instance:com.buggycar.ProfileTest@448ff1a8]" started-at="2023-04-23T18:19:24 NZST" name="setUp" finished-at="2023-04-23T18:19:25 NZST" duration-ms="1018" status="PASS">
          <reporter-output>
          </reporter-output>
        </test-method> <!-- setUp -->
        <test-method signature="profileTest()[pri:1, instance:com.buggycar.ProfileTest@448ff1a8]" started-at="2023-04-23T18:19:25 NZST" name="profileTest" finished-at="2023-04-23T18:19:28 NZST" duration-ms="2488" status="PASS">
          <reporter-output>
          </reporter-output>
        </test-method> <!-- profileTest -->
        <test-method is-config="true" signature="tearDown()[pri:0, instance:com.buggycar.ProfileTest@448ff1a8]" started-at="2023-04-23T18:19:28 NZST" name="tearDown" finished-at="2023-04-23T18:19:28 NZST" duration-ms="104" status="PASS">
          <reporter-output>
          </reporter-output>
        </test-method> <!-- tearDown -->
      </class> <!-- com.buggycar.ProfileTest -->
      <class name="com.buggycar.VoteTest">
        <test-method is-config="true" signature="setUp()[pri:0, instance:com.buggycar.VoteTest@7f77e91b]" started-at="2023-04-23T18:19:30 NZST" name="setUp" finished-at="2023-04-23T18:19:31 NZST" duration-ms="1062" status="PASS">
          <reporter-output>
          </reporter-output>
        </test-method> <!-- setUp -->
        <test-method signature="voteTest()[pri:10, instance:com.buggycar.VoteTest@7f77e91b]" started-at="2023-04-23T18:19:31 NZST" name="voteTest" finished-at="2023-04-23T18:19:38 NZST" duration-ms="7002" status="PASS">
          <reporter-output>
          </reporter-output>
        </test-method> <!-- voteTest -->
        <test-method is-config="true" signature="tearDown()[pri:0, instance:com.buggycar.VoteTest@7f77e91b]" started-at="2023-04-23T18:19:38 NZST" name="tearDown" finished-at="2023-04-23T18:19:38 NZST" duration-ms="111" status="PASS">
          <reporter-output>
          </reporter-output>
        </test-method> <!-- tearDown -->
      </class> <!-- com.buggycar.VoteTest -->
      <class name="com.buggycar.LoginTest">
        <test-method is-config="true" signature="setUp()[pri:0, instance:com.buggycar.LoginTest@77e9807f]" started-at="2023-04-23T18:19:17 NZST" name="setUp" finished-at="2023-04-23T18:19:18 NZST" duration-ms="1031" status="PASS">
          <reporter-output>
          </reporter-output>
        </test-method> <!-- setUp -->
        <test-method signature="correctCredentialTest()[pri:1, instance:com.buggycar.LoginTest@77e9807f]" started-at="2023-04-23T18:19:18 NZST" name="correctCredentialTest" finished-at="2023-04-23T18:19:20 NZST" duration-ms="1436" status="PASS">
          <reporter-output>
          </reporter-output>
        </test-method> <!-- correctCredentialTest -->
        <test-method is-config="true" signature="tearDown()[pri:0, instance:com.buggycar.LoginTest@77e9807f]" started-at="2023-04-23T18:19:20 NZST" name="tearDown" finished-at="2023-04-23T18:19:20 NZST" duration-ms="111" status="PASS">
          <reporter-output>
          </reporter-output>
        </test-method> <!-- tearDown -->
        <test-method is-config="true" signature="setUp()[pri:0, instance:com.buggycar.LoginTest@77e9807f]" started-at="2023-04-23T18:19:20 NZST" name="setUp" finished-at="2023-04-23T18:19:21 NZST" duration-ms="904" status="PASS">
          <reporter-output>
          </reporter-output>
        </test-method> <!-- setUp -->
        <test-method signature="wrongCredentialTest()[pri:2, instance:com.buggycar.LoginTest@77e9807f]" started-at="2023-04-23T18:19:21 NZST" name="wrongCredentialTest" finished-at="2023-04-23T18:19:21 NZST" duration-ms="747" status="PASS">
          <reporter-output>
          </reporter-output>
        </test-method> <!-- wrongCredentialTest -->
        <test-method is-config="true" signature="tearDown()[pri:0, instance:com.buggycar.LoginTest@77e9807f]" started-at="2023-04-23T18:19:21 NZST" name="tearDown" finished-at="2023-04-23T18:19:22 NZST" duration-ms="113" status="PASS">
          <reporter-output>
          </reporter-output>
        </test-method> <!-- tearDown -->
        <test-method is-config="true" signature="setUp()[pri:0, instance:com.buggycar.LoginTest@77e9807f]" started-at="2023-04-23T18:19:22 NZST" name="setUp" finished-at="2023-04-23T18:19:23 NZST" duration-ms="1043" status="PASS">
          <reporter-output>
          </reporter-output>
        </test-method> <!-- setUp -->
        <test-method signature="logoutTest()[pri:3, instance:com.buggycar.LoginTest@77e9807f]" started-at="2023-04-23T18:19:23 NZST" name="logoutTest" finished-at="2023-04-23T18:19:24 NZST" duration-ms="1286" status="PASS">
          <reporter-output>
          </reporter-output>
        </test-method> <!-- logoutTest -->
        <test-method is-config="true" signature="tearDown()[pri:0, instance:com.buggycar.LoginTest@77e9807f]" started-at="2023-04-23T18:19:24 NZST" name="tearDown" finished-at="2023-04-23T18:19:24 NZST" duration-ms="111" status="PASS">
          <reporter-output>
          </reporter-output>
        </test-method> <!-- tearDown -->
      </class> <!-- com.buggycar.LoginTest -->
    </test> <!-- Surefire test -->
  </suite> <!-- Surefire suite -->
</testng-results>
