<?xml version="1.0" encoding="UTF-8"?>
<testsuite xmlns:xsi="http://www.w3.org/2001/XMLSchema-instance" xsi:noNamespaceSchemaLocation="https://maven.apache.org/surefire/maven-surefire-plugin/xsd/surefire-test-report.xsd" name="TestSuite" time="30.105" tests="17" errors="0" skipped="0" failures="0">
  <properties>
[...]
</properties>
  <testcase name="correctCredentialTest" classname="com.buggycar.LoginTest" time="1.441"/>
  <testcase name="correctCredentialTest" classname="com.buggycar.LoginTest" time="1.443"/>
  <testcase name="linkTest" classname="com.buggycar.LinkTest" time="0.966"/>
  <testcase name="linkTest" classname="com.buggycar.LinkTest" time="0.771"/>
  <testcase name="profileTest" classname="com.buggycar.ProfileTest" time="2.614"/>
  <testcase name="profileTest" classname="com.buggycar.ProfileTest" time="1.947"/>
  <testcase name="registerTest" classname="com.buggycar.RegisterTest" time="1.134"/>
  <testcase name="registerTest" classname="com.buggycar.RegisterTest" time="1.426"/>
  <testcase name="linkModelTest" classname="com.buggycar.LinkTest" time="0.974"/>
  <testcase name="linkModelTest" classname="com.buggycar.LinkTest" time="1.196"/>
  <testcase name="wrongCredentialTest" classname="com.buggycar.LoginTest" time="1.037"/>
  <testcase name="wrongCredentialTest" classname="com.buggycar.LoginTest" time="1.395"/>
  <testcase name="linkOverallTest" classname="com.buggycar.LinkTest" time="0.95"/>
  <testcase name="linkOverallTest" classname="com.buggycar.LinkTest" time="1.35"/>
  <testcase name="logoutTest" classname="com.buggycar.LoginTest" time="1.587"/>
  <testcase name="logoutTest" classname="com.buggycar.LoginTest" time="1.729"/>
  <testcase name="voteTest" classname="com.buggycar.VoteTest" time="3.235"/>
</testsuite>