<?xml version="1.0" encoding="UTF-8"?>
<!-- Generated by org.testng.reporters.JUnitXMLReporter -->
<testsuite ignored="0" hostname="zsw-MacBook-Pro.local" failures="0" tests="8" name="test on firefox" time="29.839" errors="0" timestamp="2023-05-10T12:10:53 NZST">
  <testcase classname="com.buggycar.LoginTest" name="correctCredentialTest" time="1.441"/>
  <testcase classname="com.buggycar.LinkTest" name="linkTest" time="1.531"/>
  <testcase classname="com.buggycar.ProfileTest" name="profileTest" time="2.567"/>
  <testcase classname="com.buggycar.RegisterTest" name="registerTest" time="1.462"/>
  <testcase classname="com.buggycar.LinkTest" name="linkModelTest" time="1.453"/>
  <testcase classname="com.buggycar.LoginTest" name="wrongCredentialTest" time="1.395"/>
  <testcase classname="com.buggycar.LinkTest" name="linkOverallTest" time="1.351"/>
  <testcase classname="com.buggycar.LoginTest" name="logoutTest" time="1.728"/>
</testsuite> <!-- test on firefox -->
