<?xml version="1.0" encoding="UTF-8"?>
<!-- Generated by org.testng.reporters.JUnitXMLReporter -->
<testsuite ignored="0" hostname="zsw-MacBook-Pro.local" failures="0" tests="8" name="test on firefox" time="29.508" errors="0" timestamp="2023-05-03T17:24:27 NZST">
  <testcase classname="com.buggycar.LoginTest" name="correctCredentialTest" time="1.319"/>
  <testcase classname="com.buggycar.LinkTest" name="linkTest" time="1.422"/>
  <testcase classname="com.buggycar.ProfileTest" name="profileTest" time="2.949"/>
  <testcase classname="com.buggycar.RegisterTest" name="registerTest" time="1.086"/>
  <testcase classname="com.buggycar.LinkTest" name="linkModelTest" time="1.203"/>
  <testcase classname="com.buggycar.LoginTest" name="wrongCredentialTest" time="1.379"/>
  <testcase classname="com.buggycar.LinkTest" name="linkOverallTest" time="1.394"/>
  <testcase classname="com.buggycar.LoginTest" name="logoutTest" time="1.413"/>
</testsuite> <!-- test on firefox -->
