<?xml version="1.0" encoding="UTF-8"?>
<!-- Generated by org.testng.reporters.JUnitXMLReporter -->
<testsuite ignored="0" hostname="zsw-MacBook-Pro.local" failures="0" tests="9" name="test on chrome" time="26.69" errors="0" timestamp="2023-05-03T17:24:24 NZST">
  <testcase classname="com.buggycar.LoginTest" name="correctCredentialTest" time="1.858"/>
  <testcase classname="com.buggycar.LinkTest" name="linkTest" time="0.933"/>
  <testcase classname="com.buggycar.ProfileTest" name="profileTest" time="2.627"/>
  <testcase classname="com.buggycar.RegisterTest" name="registerTest" time="1.232"/>
  <testcase classname="com.buggycar.LinkTest" name="linkModelTest" time="0.792"/>
  <testcase classname="com.buggycar.LoginTest" name="wrongCredentialTest" time="1.029"/>
  <testcase classname="com.buggycar.LinkTest" name="linkOverallTest" time="0.919"/>
  <testcase classname="com.buggycar.LoginTest" name="logoutTest" time="1.558"/>
  <testcase classname="com.buggycar.VoteTest" name="voteTest" time="8.287"/>
</testsuite> <!-- test on chrome -->
