<?xml version="1.0" encoding="UTF-8"?>
<!-- Generated by org.testng.reporters.JUnitXMLReporter -->
<testsuite ignored="0" hostname="zsw-MacBook-Pro.local" failures="0" tests="9" name="test on chrome" time="26.366" errors="0" timestamp="2023-05-03T21:03:20 NZST">
  <testcase classname="com.buggycar.LoginTest" name="correctCredentialTest" time="1.602"/>
  <testcase classname="com.buggycar.LinkTest" name="linkTest" time="0.919"/>
  <testcase classname="com.buggycar.ProfileTest" name="profileTest" time="2.756"/>
  <testcase classname="com.buggycar.RegisterTest" name="registerTest" time="1.1"/>
  <testcase classname="com.buggycar.LinkTest" name="linkModelTest" time="0.926"/>
  <testcase classname="com.buggycar.LoginTest" name="wrongCredentialTest" time="0.911"/>
  <testcase classname="com.buggycar.LinkTest" name="linkOverallTest" time="0.945"/>
  <testcase classname="com.buggycar.LoginTest" name="logoutTest" time="1.557"/>
  <testcase classname="com.buggycar.VoteTest" name="voteTest" time="8.175"/>
</testsuite> <!-- test on chrome -->
